*** Using Compiler 'V5.06 update 7 (build 960)', folder: 'C:\Users\w\AppData\Local\Keil_v5\ARM\ARMCompiler_506\Bin'
Rebuild target 'stm32f407_rov_freertos'
assembling startup_stm32f407xx.s...
compiling gpio.c...
compiling stm32f4xx_hal_msp.c...
compiling stm32f4xx_hal_timebase_tim.c...
compiling usart.c...
compiling dma.c...
compiling i2c.c...
compiling stm32f4xx_it.c...
compiling stm32f4xx_hal_flash.c...
compiling tim.c...
compiling stm32f4xx_hal_tim_ex.c...
compiling freertos.c...
compiling stm32f4xx_hal_rcc.c...
compiling main.c...
compiling stm32f4xx_hal_rcc_ex.c...
compiling stm32f4xx_hal_tim.c...
compiling stm32f4xx_hal_flash_ramfunc.c...
compiling stm32f4xx_hal_gpio.c...
compiling stm32f4xx_hal_flash_ex.c...
compiling software_iic.c...
compiling stm32f4xx_hal_dma.c...
compiling stm32f4xx_hal_pwr_ex.c...
compiling stm32f4xx_hal_pwr.c...
compiling stm32f4xx_hal_cortex.c...
compiling ms5837_iic.c...
compiling stm32f4xx_hal_dma_ex.c...
compiling stm32f4xx_hal_exti.c...
compiling stm32f4xx_hal.c...
compiling croutine.c...
compiling stm32f4xx_hal_i2c_ex.c...
compiling event_groups.c...
compiling list.c...
compiling queue.c...
compiling system_stm32f4xx.c...
compiling stm32f4xx_hal_uart.c...
compiling stream_buffer.c...
compiling timers.c...
compiling tasks.c...
compiling heap_4.c...
compiling stm32f4xx_hal_i2c.c...
compiling port.c...
compiling chat_with_upper.c...
compiling distance_measure.c...
compiling move_control.c...
..\Source\Src\move_control.c(51): warning:  #177-D: function "Pid_Out_Calculate"  was declared but never referenced
  static void Pid_Out_Calculate(void *pvParameters)
..\Source\Src\move_control.c: 1 warning, 0 errors
compiling transmit_power_board.c...
..\Source\Src\transmit_power_board.c(370): warning:  #1-D: last line of file ends without a newline
  }
..\Source\Src\transmit_power_board.c: 1 warning, 0 errors
compiling jy901p_uart.c...
compiling pid.c...
compiling ms5837_uart.c...
compiling ath20_bmp280.c...
compiling func_uart.c...
compiling move_drv.c...
compiling cmsis_os2.c...
linking...
Program Size: Code=27968 RO-data=804 RW-data=452 ZI-data=22660  
FromELF: creating hex file...
"stm32f407_rov_freertos\stm32f407_rov_freertos.axf" - 0 Error(s), 2 Warning(s).
Build Time Elapsed:  00:00:46
